Reading cached build data
>> Local Products Rules ..... started
>> Local Products Rules ..... done
>> Building CMSSW version CMSSW_10_6_26 ----
>> Subsystem BigProducts built
>> Entering Package PhysicsTools/NanoAOD
>> Creating project symlinks
Entering library rule at src/PhysicsTools/NanoAOD/plugins
>> Compiling edm plugin /x5/cms/jwkim/Generator/aQGC_CMS_workFlow/BatchJob/2016Pre/FM7_3_11/CMSSW_10_6_26/src/PhysicsTools/NanoAOD/plugins/SimpleFlatTableProducerPlugins.cc 
>> Compiling edm plugin /x5/cms/jwkim/Generator/aQGC_CMS_workFlow/BatchJob/2016Pre/FM7_3_11/CMSSW_10_6_26/src/PhysicsTools/NanoAOD/plugins/NativeArrayTableProducer.cc 
>> Compiling edm plugin /x5/cms/jwkim/Generator/aQGC_CMS_workFlow/BatchJob/2016Pre/FM7_3_11/CMSSW_10_6_26/src/PhysicsTools/NanoAOD/plugins/BJetEnergyRegressionVarProducer.cc 
>> Compiling edm plugin /x5/cms/jwkim/Generator/aQGC_CMS_workFlow/BatchJob/2016Pre/FM7_3_11/CMSSW_10_6_26/src/PhysicsTools/NanoAOD/plugins/BJetEnergyRegressionMVA.cc 
>> Compiling edm plugin /x5/cms/jwkim/Generator/aQGC_CMS_workFlow/BatchJob/2016Pre/FM7_3_11/CMSSW_10_6_26/src/PhysicsTools/NanoAOD/plugins/TriggerOutputBranches.cc 
>> Compiling edm plugin /x5/cms/jwkim/Generator/aQGC_CMS_workFlow/BatchJob/2016Pre/FM7_3_11/CMSSW_10_6_26/src/PhysicsTools/NanoAOD/plugins/IsoValueMapProducer.cc 
>> Compiling edm plugin /x5/cms/jwkim/Generator/aQGC_CMS_workFlow/BatchJob/2016Pre/FM7_3_11/CMSSW_10_6_26/src/PhysicsTools/NanoAOD/plugins/UniqueStringProducer.cc 
>> Compiling edm plugin /x5/cms/jwkim/Generator/aQGC_CMS_workFlow/BatchJob/2016Pre/FM7_3_11/CMSSW_10_6_26/src/PhysicsTools/NanoAOD/plugins/EGMSeedGainProducer.cc 
>> Compiling edm plugin /x5/cms/jwkim/Generator/aQGC_CMS_workFlow/BatchJob/2016Pre/FM7_3_11/CMSSW_10_6_26/src/PhysicsTools/NanoAOD/plugins/EnergyRingsTableProducer.cc 
>> Compiling edm plugin /x5/cms/jwkim/Generator/aQGC_CMS_workFlow/BatchJob/2016Pre/FM7_3_11/CMSSW_10_6_26/src/PhysicsTools/NanoAOD/plugins/L1TriggerResultsConverter.cc 
>> Compiling edm plugin /x5/cms/jwkim/Generator/aQGC_CMS_workFlow/BatchJob/2016Pre/FM7_3_11/CMSSW_10_6_26/src/PhysicsTools/NanoAOD/plugins/IsFromLostTrackMapProducer.cc 
>> Compiling edm plugin /x5/cms/jwkim/Generator/aQGC_CMS_workFlow/BatchJob/2016Pre/FM7_3_11/CMSSW_10_6_26/src/PhysicsTools/NanoAOD/plugins/CandMCMatchTableProducer.cc 
>> Compiling edm plugin /x5/cms/jwkim/Generator/aQGC_CMS_workFlow/BatchJob/2016Pre/FM7_3_11/CMSSW_10_6_26/src/PhysicsTools/NanoAOD/plugins/LHCInfoProducer.cc 
>> Compiling edm plugin /x5/cms/jwkim/Generator/aQGC_CMS_workFlow/BatchJob/2016Pre/FM7_3_11/CMSSW_10_6_26/src/PhysicsTools/NanoAOD/plugins/LeptonJetVarProducer.cc 
>> Compiling edm plugin /x5/cms/jwkim/Generator/aQGC_CMS_workFlow/BatchJob/2016Pre/FM7_3_11/CMSSW_10_6_26/src/PhysicsTools/NanoAOD/plugins/GenWeightsTableProducer.cc 
>> Compiling edm plugin /x5/cms/jwkim/Generator/aQGC_CMS_workFlow/BatchJob/2016Pre/FM7_3_11/CMSSW_10_6_26/src/PhysicsTools/NanoAOD/plugins/ProtonProducer.cc 
>> Compiling edm plugin /x5/cms/jwkim/Generator/aQGC_CMS_workFlow/BatchJob/2016Pre/FM7_3_11/CMSSW_10_6_26/src/PhysicsTools/NanoAOD/plugins/JetIDValueMap.cc 
>> Compiling edm plugin /x5/cms/jwkim/Generator/aQGC_CMS_workFlow/BatchJob/2016Pre/FM7_3_11/CMSSW_10_6_26/src/PhysicsTools/NanoAOD/plugins/LHETablesProducer.cc 
>> Compiling edm plugin /x5/cms/jwkim/Generator/aQGC_CMS_workFlow/BatchJob/2016Pre/FM7_3_11/CMSSW_10_6_26/src/PhysicsTools/NanoAOD/plugins/TriggerObjectTableProducer.cc 
>> Compiling edm plugin /x5/cms/jwkim/Generator/aQGC_CMS_workFlow/BatchJob/2016Pre/FM7_3_11/CMSSW_10_6_26/src/PhysicsTools/NanoAOD/plugins/NanoAODBaseCrossCleaner.cc 
>> Compiling edm plugin /x5/cms/jwkim/Generator/aQGC_CMS_workFlow/BatchJob/2016Pre/FM7_3_11/CMSSW_10_6_26/src/PhysicsTools/NanoAOD/plugins/TableOutputBranches.cc 
>> Compiling edm plugin /x5/cms/jwkim/Generator/aQGC_CMS_workFlow/BatchJob/2016Pre/FM7_3_11/CMSSW_10_6_26/src/PhysicsTools/NanoAOD/plugins/BTagSFProducer.cc 
>> Compiling edm plugin /x5/cms/jwkim/Generator/aQGC_CMS_workFlow/BatchJob/2016Pre/FM7_3_11/CMSSW_10_6_26/src/PhysicsTools/NanoAOD/plugins/VertexTableProducer.cc 
>> Compiling edm plugin /x5/cms/jwkim/Generator/aQGC_CMS_workFlow/BatchJob/2016Pre/FM7_3_11/CMSSW_10_6_26/src/PhysicsTools/NanoAOD/plugins/NanoAODOutputModule.cc 
>> Compiling edm plugin /x5/cms/jwkim/Generator/aQGC_CMS_workFlow/BatchJob/2016Pre/FM7_3_11/CMSSW_10_6_26/src/PhysicsTools/NanoAOD/plugins/MuonIDTableProducer.cc 
>> Compiling edm plugin /x5/cms/jwkim/Generator/aQGC_CMS_workFlow/BatchJob/2016Pre/FM7_3_11/CMSSW_10_6_26/src/PhysicsTools/NanoAOD/plugins/EventStringOutputBranches.cc 
>> Compiling edm plugin /x5/cms/jwkim/Generator/aQGC_CMS_workFlow/BatchJob/2016Pre/FM7_3_11/CMSSW_10_6_26/src/PhysicsTools/NanoAOD/plugins/NanoAODSimpleCrossCleaner.cc 
>> Compiling edm plugin /x5/cms/jwkim/Generator/aQGC_CMS_workFlow/BatchJob/2016Pre/FM7_3_11/CMSSW_10_6_26/src/PhysicsTools/NanoAOD/plugins/SummaryTableOutputBranches.cc 
>> Compiling edm plugin /x5/cms/jwkim/Generator/aQGC_CMS_workFlow/BatchJob/2016Pre/FM7_3_11/CMSSW_10_6_26/src/PhysicsTools/NanoAOD/plugins/GlobalVariablesTableProducer.cc 
>> Compiling edm plugin /x5/cms/jwkim/Generator/aQGC_CMS_workFlow/BatchJob/2016Pre/FM7_3_11/CMSSW_10_6_26/src/PhysicsTools/NanoAOD/plugins/GenJetFlavourTableProducer.cc 
>> Compiling edm plugin /x5/cms/jwkim/Generator/aQGC_CMS_workFlow/BatchJob/2016Pre/FM7_3_11/CMSSW_10_6_26/src/PhysicsTools/NanoAOD/plugins/LeptonInJetProducer.cc 
>> Compiling edm plugin /x5/cms/jwkim/Generator/aQGC_CMS_workFlow/BatchJob/2016Pre/FM7_3_11/CMSSW_10_6_26/src/PhysicsTools/NanoAOD/plugins/NanoAODDQM.cc 
>> Compiling edm plugin /x5/cms/jwkim/Generator/aQGC_CMS_workFlow/BatchJob/2016Pre/FM7_3_11/CMSSW_10_6_26/src/PhysicsTools/NanoAOD/plugins/NPUTablesProducer.cc 
>> Compiling edm plugin /x5/cms/jwkim/Generator/aQGC_CMS_workFlow/BatchJob/2016Pre/FM7_3_11/CMSSW_10_6_26/src/PhysicsTools/NanoAOD/plugins/GenJetGenPartMerger.cc 
>> Compiling edm plugin /x5/cms/jwkim/Generator/aQGC_CMS_workFlow/BatchJob/2016Pre/FM7_3_11/CMSSW_10_6_26/src/PhysicsTools/NanoAOD/plugins/GenJetTauTaggerProducer.cc 
>> Compiling edm plugin /x5/cms/jwkim/Generator/aQGC_CMS_workFlow/BatchJob/2016Pre/FM7_3_11/CMSSW_10_6_26/src/PhysicsTools/NanoAOD/plugins/PileupJetIDVarProducer.cc 
>> Compiling edm plugin /x5/cms/jwkim/Generator/aQGC_CMS_workFlow/BatchJob/2016Pre/FM7_3_11/CMSSW_10_6_26/src/PhysicsTools/NanoAOD/plugins/EGMEnergyVarProducer.cc 
>> Compiling edm plugin /x5/cms/jwkim/Generator/aQGC_CMS_workFlow/BatchJob/2016Pre/FM7_3_11/CMSSW_10_6_26/src/PhysicsTools/NanoAOD/plugins/VIDNestedWPBitmapProducer.cc 
>> Compiling  /x5/cms/jwkim/Generator/aQGC_CMS_workFlow/BatchJob/2016Pre/FM7_3_11/CMSSW_10_6_26/src/PhysicsTools/NanoAOD/test/runtestPhysicsToolsNanoAOD.cpp 
>> Building binary runtestPhysicsToolsNanoAOD
Copying tmp/slc7_amd64_gcc700/src/PhysicsTools/NanoAOD/test/runtestPhysicsToolsNanoAOD/runtestPhysicsToolsNanoAOD to productstore area:
>> Building edm plugin tmp/slc7_amd64_gcc700/src/PhysicsTools/NanoAOD/plugins/PhysicsToolsNanoAODPlugins/libPhysicsToolsNanoAODPlugins.so
Leaving library rule at src/PhysicsTools/NanoAOD/plugins
@@@@ Running edmWriteConfigs for PhysicsToolsNanoAODPlugins
JetRegressionVarProducer
BJetEnergyRegressionMVA
MuonIsoValueMapProducer
EleIsoValueMapProducer
PhoIsoValueMapProducer
IsoTrackIsoValueMapProducer
EnergyRingsTable
L1TriggerResultsConverter
isFromLostTrackMapProducer
candMcMatchTable
MuonJetVarProducer
ElectronJetVarProducer
genWeightsTable
ProtonProducer
lheInfoTable
BTagWeightTable
muonIDTable
genJetFlavourTable
LepInJetProducer
puTable
PileupJetIDVarProducer
ElectronEnergyVarProducer
PhotonEnergyVarProducer
EleVIDNestedWPBitmapProducer
PhoVIDNestedWPBitmapProducer
--- Registered EDM Plugin: PhysicsToolsNanoAODPlugins
>> Leaving Package PhysicsTools/NanoAOD
>> Package PhysicsTools/NanoAOD built
>> Subsystem PhysicsTools built
gmake[1]: Entering directory '/x5/cms/jwkim/Generator/aQGC_CMS_workFlow/BatchJob/2016Pre/FM7_3_11/CMSSW_10_6_26'
>> Local Products Rules ..... started
>> Local Products Rules ..... done
@@@@ Refreshing Plugins:edmPluginRefresh
>> Creating project symlinks
>> Done generating edm plugin poisoned information
>> Done python_symlink
>> Compiling python modules cfipython/slc7_amd64_gcc700
>> Compiling python modules python
>> Compiling python modules src/PhysicsTools/NanoAOD/python
>> All python modules compiled
>> Plugins of all types refreshed.
gmake[1]: Leaving directory '/x5/cms/jwkim/Generator/aQGC_CMS_workFlow/BatchJob/2016Pre/FM7_3_11/CMSSW_10_6_26'
