Reading cached build data
>> Local Products Rules ..... started
>> Local Products Rules ..... done
>> Building CMSSW version CMSSW_10_6_26 ----
>> Subsystem BigProducts built
>> Entering Package PhysicsTools/NanoAOD
>> Creating project symlinks
>> Compiling edm plugin /x5/cms/jwkim/Generator/aQGC_CMS_workFlow/BatchJob/2016Pre/FM7_3_11/CMSSW_10_6_26/src/PhysicsTools/NanoAOD/plugins/GenWeightsTableProducer.cc 
>> Building edm plugin tmp/slc7_amd64_gcc700/src/PhysicsTools/NanoAOD/plugins/PhysicsToolsNanoAODPlugins/libPhysicsToolsNanoAODPlugins.so
Leaving library rule at src/PhysicsTools/NanoAOD/plugins
@@@@ Running edmWriteConfigs for PhysicsToolsNanoAODPlugins
JetRegressionVarProducer
BJetEnergyRegressionMVA
MuonIsoValueMapProducer
EleIsoValueMapProducer
PhoIsoValueMapProducer
IsoTrackIsoValueMapProducer
EnergyRingsTable
L1TriggerResultsConverter
isFromLostTrackMapProducer
candMcMatchTable
MuonJetVarProducer
ElectronJetVarProducer
ProtonProducer
lheInfoTable
genWeightsTable
BTagWeightTable
muonIDTable
genJetFlavourTable
LepInJetProducer
puTable
PileupJetIDVarProducer
ElectronEnergyVarProducer
PhotonEnergyVarProducer
EleVIDNestedWPBitmapProducer
PhoVIDNestedWPBitmapProducer
--- Registered EDM Plugin: PhysicsToolsNanoAODPlugins
>> Leaving Package PhysicsTools/NanoAOD
>> Package PhysicsTools/NanoAOD built
>> Subsystem PhysicsTools built
gmake[1]: Entering directory '/x5/cms/jwkim/Generator/aQGC_CMS_workFlow/BatchJob/2016Pre/FM7_3_11/CMSSW_10_6_26'
>> Local Products Rules ..... started
>> Local Products Rules ..... done
@@@@ Refreshing Plugins:edmPluginRefresh
>> Done generating edm plugin poisoned information
>> Creating project symlinks
>> Done python_symlink
>> Compiling python modules cfipython/slc7_amd64_gcc700
>> Compiling python modules python
>> Compiling python modules src/PhysicsTools/NanoAOD/python
>> All python modules compiled
>> Plugins of all types refreshed.
gmake[1]: Leaving directory '/x5/cms/jwkim/Generator/aQGC_CMS_workFlow/BatchJob/2016Pre/FM7_3_11/CMSSW_10_6_26'
